<?xml version="1.0" encoding="UTF-8"?>
<!-- Generated by org.testng.reporters.JUnitReportReporter -->
<testsuite skipped="0" hostname="PICKU-PC" name="com.webservice.testscripts.LmfTC001" tests="4" failures="0" timestamp="01 Nov 2018 18:29:28 GMT" time="7.591" errors="0">
  <testcase name="verifyWeatherByCityName" time="0.893" classname="com.webservice.testscripts.LmfTC001"/>
  <testcase name="verifyUserById" time="4.839" classname="com.webservice.testscripts.LmfTC001"/>
  <testcase name="verifyWeatherByCityOther" time="0.984" classname="com.webservice.testscripts.LmfTC001"/>
  <testcase name="verifyWeatherByCityId" time="0.875" classname="com.webservice.testscripts.LmfTC001"/>
</testsuite> <!-- com.webservice.testscripts.LmfTC001 -->
