<?xml version="1.0" encoding="UTF-8"?>
<!-- Generated by org.testng.reporters.JUnitReportReporter -->
<testsuite skipped="0" hostname="PICKU-PC" name="com.webservice.testscripts.LmfTC001" tests="4" failures="0" timestamp="03 Nov 2018 16:12:20 GMT" time="5.363" errors="0">
  <testcase name="verifyWeatherByCityId" time="2.303" classname="com.webservice.testscripts.LmfTC001"/>
  <testcase name="verifyWeatherByCityName" time="0.897" classname="com.webservice.testscripts.LmfTC001"/>
  <testcase name="verifyWeatherByCityOther" time="0.950" classname="com.webservice.testscripts.LmfTC001"/>
  <testcase name="verifyUserById" time="1.213" classname="com.webservice.testscripts.LmfTC001"/>
</testsuite> <!-- com.webservice.testscripts.LmfTC001 -->
