<?xml version="1.0" encoding="UTF-8"?>
<!-- Generated by org.testng.reporters.JUnitReportReporter -->
<testsuite skipped="0" hostname="PICKU-PC" name="com.webservice.testscripts.LmfTC001" tests="4" failures="0" timestamp="01 Nov 2018 21:03:28 GMT" time="5.835" errors="0">
  <testcase name="verifyUserById" time="2.255" classname="com.webservice.testscripts.LmfTC001"/>
  <testcase name="verifyWeatherByCityId" time="0.931" classname="com.webservice.testscripts.LmfTC001"/>
  <testcase name="verifyWeatherByCityName" time="1.648" classname="com.webservice.testscripts.LmfTC001"/>
  <testcase name="verifyWeatherByCityOther" time="1.001" classname="com.webservice.testscripts.LmfTC001"/>
</testsuite> <!-- com.webservice.testscripts.LmfTC001 -->
